<?xml version="1.0" encoding="UTF-8"?>
<testng-results skipped="0" failed="0" total="1" passed="1">
  <reporter-output>
  </reporter-output>
  <suite name="Default suite" duration-ms="14439" started-at="2019-07-19T08:17:05Z" finished-at="2019-07-19T08:17:20Z">
    <groups>
    </groups>
    <test name="Default test" duration-ms="14439" started-at="2019-07-19T08:17:05Z" finished-at="2019-07-19T08:17:20Z">
      <class name="tstng.parameterisation_TNG">
        <test-method status="PASS" signature="initz()[pri:0, instance:tstng.parameterisation_TNG@163e9ab]" name="initz" is-config="true" duration-ms="9516" started-at="2019-07-19T13:47:05Z" finished-at="2019-07-19T13:47:15Z">
          <reporter-output>
          </reporter-output>
        </test-method> <!-- initz -->
        <test-method status="PASS" signature="orangelogin(java.lang.String, java.lang.String)[pri:0, instance:tstng.parameterisation_TNG@163e9ab]" name="orangelogin" duration-ms="4886" started-at="2019-07-19T13:47:15Z" finished-at="2019-07-19T13:47:20Z">
          <params>
            <param index="0">
              <value>
                <![CDATA[admin]]>
              </value>
            </param>
            <param index="1">
              <value>
                <![CDATA[seedadmin]]>
              </value>
            </param>
          </params>
          <reporter-output>
          </reporter-output>
        </test-method> <!-- orangelogin -->
        <test-method status="PASS" signature="shut()[pri:0, instance:tstng.parameterisation_TNG@163e9ab]" name="shut" is-config="true" duration-ms="1" started-at="2019-07-19T13:47:20Z" finished-at="2019-07-19T13:47:20Z">
          <reporter-output>
          </reporter-output>
        </test-method> <!-- shut -->
      </class> <!-- tstng.parameterisation_TNG -->
    </test> <!-- Default test -->
  </suite> <!-- Default suite -->
</testng-results>
