<?xml version="1.0" encoding="UTF-8"?>
<!-- Generated by org.testng.reporters.JUnitXMLReporter -->
<testsuite hostname="WIN-DRJ2SGOPNCT" name="Default test" tests="3" failures="0" timestamp="19 Jul 2019 05:38:54 GMT" time="30.975" errors="0">
  <testcase name="Advertising" time="0.324" classname="src.b4andaftermethod"/>
  <testcase name="gmail" time="13.547" classname="src.b4andaftermethod"/>
  <testcase name="images" time="1.794" classname="src.b4andaftermethod"/>
</testsuite> <!-- Default test -->
