<?xml version="1.0" encoding="UTF-8"?>
<!-- Generated by org.testng.reporters.JUnitXMLReporter -->
<testsuite hostname="WIN-DRJ2SGOPNCT" name="Default test" tests="8" failures="0" timestamp="16 Apr 2019 06:43:16 GMT" time="0.094" errors="0">
  <testcase name="d" time="0.015" classname="shubhamtng.priorityabc"/>
  <testcase name="e" time="0.003" classname="shubhamtng.priorityabc"/>
  <testcase name="f" time="0.002" classname="shubhamtng.priorityabc"/>
  <testcase name="m" time="0.001" classname="shubhamtng.priorityabc"/>
  <testcase name="r" time="0.001" classname="shubhamtng.priorityabc"/>
  <testcase name="z" time="0.008" classname="shubhamtng.priorityabc"/>
  <testcase name="a" time="0.002" classname="shubhamtng.priorityabc"/>
  <testcase name="q" time="0.002" classname="shubhamtng.priorityabc"/>
</testsuite> <!-- Default test -->
