<?xml version="1.0" encoding="UTF-8"?>
<!-- Generated by org.testng.reporters.JUnitXMLReporter -->
<testsuite hostname="WIN-DRJ2SGOPNCT" name="Default test" tests="3" failures="0" timestamp="8 Apr 2019 09:21:13 GMT" time="51.551" errors="0">
  <testcase name="executSessionOne" time="20.827" classname="src.keywrd_dependsonTest"/>
  <testcase name="executSessionThree" time="14.807" classname="src.keywrd_dependsonTest"/>
  <testcase name="executeSessionTwo" time="15.853" classname="src.keywrd_dependsonTest"/>
</testsuite> <!-- Default test -->
