<?xml version="1.0" encoding="UTF-8"?>
<testng-results skipped="0" failed="0" total="3" passed="3">
  <reporter-output>
  </reporter-output>
  <suite name="Default suite" duration-ms="51551" started-at="2019-04-08T09:20:21Z" finished-at="2019-04-08T09:21:13Z">
    <groups>
    </groups>
    <test name="Default test" duration-ms="51551" started-at="2019-04-08T09:20:21Z" finished-at="2019-04-08T09:21:13Z">
      <class name="src.keywrd_dependsonTest">
        <test-method status="PASS" signature="executSessionOne()[pri:0, instance:src.keywrd_dependsonTest@b39c39]" name="executSessionOne" duration-ms="20827" started-at="2019-04-08T14:50:21Z" finished-at="2019-04-08T14:50:42Z">
          <reporter-output>
          </reporter-output>
        </test-method> <!-- executSessionOne -->
        <test-method status="PASS" signature="executSessionThree()[pri:0, instance:src.keywrd_dependsonTest@b39c39]" name="executSessionThree" duration-ms="14807" started-at="2019-04-08T14:50:42Z" finished-at="2019-04-08T14:50:57Z">
          <reporter-output>
          </reporter-output>
        </test-method> <!-- executSessionThree -->
        <test-method status="PASS" signature="executeSessionTwo()[pri:0, instance:src.keywrd_dependsonTest@b39c39]" name="executeSessionTwo" duration-ms="15853" started-at="2019-04-08T14:50:57Z" finished-at="2019-04-08T14:51:13Z">
          <reporter-output>
          </reporter-output>
        </test-method> <!-- executeSessionTwo -->
      </class> <!-- src.keywrd_dependsonTest -->
    </test> <!-- Default test -->
  </suite> <!-- Default suite -->
</testng-results>
